<?xml version="1.0" encoding="UTF-8"?>
<!-- Generated by org.testng.reporters.JUnitXMLReporter -->
<testsuite ignored="6" hostname="LAPTOP-8OJE46NP" failures="0" tests="4" name="Test" time="47.301" errors="0" timestamp="2026-05-22T00:47:11 IST">
  <testcase classname="calc.Calculator_project.Arithmatic2" name="arithmetic" time="15.023"/>
  <testcase classname="calc.Calculator_project.Trigno" name="Trignomatric" time="7.346"/>
  <testcase classname="calc.Calculator_project.log" name="log" time="7.144"/>
  <testcase classname="calc.Calculator_project.footerLinks" name="footerlink" time="17.666"/>
  <testcase classname="calc.Calculator_project.setup" name="@AfterSuite closeBrowser" time="0.0">
    <ignored/>
  </testcase> <!-- @AfterSuite closeBrowser -->
  <testcase classname="calc.Calculator_project.setup" name="@BeforeSuite openBrowser" time="0.0">
    <ignored/>
  </testcase> <!-- @BeforeSuite openBrowser -->
  <testcase classname="calc.Calculator_project.setup" name="@BeforeSuite openBrowser" time="0.0">
    <ignored/>
  </testcase> <!-- @BeforeSuite openBrowser -->
  <testcase classname="calc.Calculator_project.setup" name="@BeforeSuite openBrowser" time="0.0">
    <ignored/>
  </testcase> <!-- @BeforeSuite openBrowser -->
  <testcase classname="calc.Calculator_project.setup" name="@AfterSuite closeBrowser" time="0.0">
    <ignored/>
  </testcase> <!-- @AfterSuite closeBrowser -->
  <testcase classname="calc.Calculator_project.setup" name="@AfterSuite closeBrowser" time="0.0">
    <ignored/>
  </testcase> <!-- @AfterSuite closeBrowser -->
</testsuite> <!-- Test -->
