<?xml version="1.0" encoding="UTF-8"?>
<!-- Generated by org.testng.reporters.JUnitReportReporter -->
<testsuite hostname="LAPTOP-8OJE46NP" failures="0" tests="5" name="calc.Calculator_project.Arithmatic" time="21.090" errors="0" timestamp="2026-05-21T23:17:15 IST" skipped="0">
  <testcase classname="calc.Calculator_project.Arithmatic" name="launch" time="3.966"/>
  <testcase classname="calc.Calculator_project.Arithmatic" name="Mul" time="4.456"/>
  <testcase classname="calc.Calculator_project.Arithmatic" name="add" time="3.690"/>
  <testcase classname="calc.Calculator_project.Arithmatic" name="Sub" time="4.382"/>
  <testcase classname="calc.Calculator_project.Arithmatic" name="Div" time="4.596"/>
</testsuite> <!-- calc.Calculator_project.Arithmatic -->
